<?xml version="1.0" encoding="UTF-8"?>
<coverage generated="1768571669666" clover="3.2.0">
  <project timestamp="1768571669666" name="All files">
    <metrics statements="18" coveredstatements="16" conditionals="6" coveredconditionals="6" methods="1" coveredmethods="1" elements="25" coveredelements="23" complexity="0" loc="18" ncloc="18" packages="1" files="1" classes="1"/>
    <file name="contact.js" path="C:\Users\arnol\Desktop\COURS\5A\PROJET_FIL_ROUGE\royales_site\backend\routes\contact.js">
      <metrics statements="18" coveredstatements="16" conditionals="6" coveredconditionals="6" methods="1" coveredmethods="1"/>
      <line num="1" count="1" type="stmt"/>
      <line num="2" count="1" type="stmt"/>
      <line num="3" count="1" type="stmt"/>
      <line num="4" count="1" type="stmt"/>
      <line num="6" count="1" type="stmt"/>
      <line num="14" count="1" type="stmt"/>
      <line num="15" count="4" type="stmt"/>
      <line num="17" count="4" type="cond" truecount="4" falsecount="0"/>
      <line num="18" count="2" type="stmt"/>
      <line num="24" count="2" type="stmt"/>
      <line num="37" count="2" type="stmt"/>
      <line num="59" count="2" type="stmt"/>
      <line num="60" count="2" type="stmt"/>
      <line num="61" count="2" type="stmt"/>
      <line num="63" count="2" type="stmt"/>
      <line num="68" count="0" type="stmt"/>
      <line num="69" count="0" type="stmt"/>
      <line num="76" count="1" type="stmt"/>
    </file>
  </project>
</coverage>
