{"C:\\Users\\arnol\\Desktop\\COURS\\5A\\PROJET_FIL_ROUGE\\royales_site\\backend\\routes\\contact.js": {"path":"C:\\Users\\arnol\\Desktop\\COURS\\5A\\PROJET_FIL_ROUGE\\royales_site\\backend\\routes\\contact.js","statementMap":{"0":{"start":{"line":1,"column":16},"end":{"line":1,"column":34}},"1":{"start":{"line":2,"column":19},"end":{"line":2,"column":40}},"2":{"start":{"line":3,"column":15},"end":{"line":3,"column":31}},"3":{"start":{"line":4,"column":0},"end":{"line":4,"column":27}},"4":{"start":{"line":6,"column":20},"end":{"line":12,"column":2}},"5":{"start":{"line":14,"column":0},"end":{"line":74,"column":3}},"6":{"start":{"line":15,"column":36},"end":{"line":15,"column":44}},"7":{"start":{"line":17,"column":2},"end":{"line":22,"column":3}},"8":{"start":{"line":18,"column":4},"end":{"line":21,"column":7}},"9":{"start":{"line":24,"column":20},"end":{"line":35,"column":3}},"10":{"start":{"line":37,"column":23},"end":{"line":57,"column":3}},"11":{"start":{"line":59,"column":2},"end":{"line":73,"column":3}},"12":{"start":{"line":60,"column":4},"end":{"line":60,"column":42}},"13":{"start":{"line":61,"column":4},"end":{"line":61,"column":45}},"14":{"start":{"line":63,"column":4},"end":{"line":66,"column":7}},"15":{"start":{"line":68,"column":4},"end":{"line":68,"column":64}},"16":{"start":{"line":69,"column":4},"end":{"line":72,"column":7}},"17":{"start":{"line":76,"column":0},"end":{"line":76,"column":24}}},"fnMap":{"0":{"name":"(anonymous_0)","decl":{"start":{"line":14,"column":24},"end":{"line":14,"column":25}},"loc":{"start":{"line":14,"column":44},"end":{"line":74,"column":1}},"line":14}},"branchMap":{"0":{"loc":{"start":{"line":17,"column":2},"end":{"line":22,"column":3}},"type":"if","locations":[{"start":{"line":17,"column":2},"end":{"line":22,"column":3}},{"start":{},"end":{}}],"line":17},"1":{"loc":{"start":{"line":17,"column":6},"end":{"line":17,"column":22}},"type":"binary-expr","locations":[{"start":{"line":17,"column":6},"end":{"line":17,"column":12}},{"start":{"line":17,"column":16},"end":{"line":17,"column":22}}],"line":17},"2":{"loc":{"start":{"line":33,"column":11},"end":{"line":33,"column":44}},"type":"binary-expr","locations":[{"start":{"line":33,"column":11},"end":{"line":33,"column":18}},{"start":{"line":33,"column":22},"end":{"line":33,"column":44}}],"line":33}},"s":{"0":1,"1":1,"2":1,"3":1,"4":1,"5":1,"6":4,"7":4,"8":2,"9":2,"10":2,"11":2,"12":2,"13":2,"14":2,"15":0,"16":0,"17":1},"f":{"0":4},"b":{"0":[2,2],"1":[4,3],"2":[2,1]},"_coverageSchema":"1a1c01bbd47fc00a2c39e90264f33305004495a9","hash":"c758369f615cf7e0b262355ba3d0291851e31589"}
}
